<?xml version='1.0' encoding='UTF-8'?>
<testsuite hostname="DESKTOP-2CEIT85" name="TestRegression" tests="10" errors="0" failures="0" skipped="0" time="3.309" timestamp="2024-03-29T15:17:51">
          <properties>
      <property name="java.specification.version" value="17"/><property name="sun.cpu.isalist" value="amd64"/><property name="sun.jnu.encoding" value="Cp1252"/><property name="sun.arch.data.model" value="64"/><property name="java.vendor.url" value="https://java.oracle.com/"/><property name="sun.boot.library.path" value="C:\Program Files\java\jdk-17\bin"/><property name="sun.java.command" value="xsbt.boot.Boot test"/><property name="jdk.debug" value="release"/><property name="sun.stderr.encoding" value="cp437"/><property name="java.specification.vendor" value="Oracle Corporation"/><property name="java.version.date" value="2021-09-14"/><property name="java.home" value="C:\Program Files\java\jdk-17"/><property name="file.separator" value="\"/><property name="java.vm.compressedOopsMode" value="32-bit"/><property name="line.separator" value="
"/><property name="sun.stdout.encoding" value="cp437"/><property name="java.vm.specification.vendor" value="Oracle Corporation"/><property name="java.specification.name" value="Java Platform API Specification"/><property name="user.script" value=""/><property name="sun.management.compiler" value="HotSpot 64-Bit Tiered Compilers"/><property name="java.runtime.version" value="17+35-2724"/><property name="user.name" value="User"/><property name="log4j.ignoreTCL" value="true"/><property name="file.encoding" value="UTF-8"/><property name="jnidispatch.path" value="C:\Users\User\AppData\Local\Temp\jna-2645995\jna8704599313261094705.dll"/><property name="jna.loaded" value="true"/><property name="java.io.tmpdir" value="C:\Users\User\AppData\Local\Temp\"/><property name="java.version" value="17"/><property name="java.vm.specification.name" value="Java Virtual Machine Specification"/><property name="sun.os.patch.level" value=""/><property name="native.encoding" value="Cp1252"/><property name="java.library.path" value="C:\Program Files\java\jdk-17\bin;C:\WINDOWS\Sun\Java\bin;C:\WINDOWS\system32;C:\WINDOWS;C:\Program Files\java\jdk-17\bin;C:\Program Files (x86)\Common Files\Oracle\Java\javapath;C:\WINDOWS\system32;C:\WINDOWS;C:\WINDOWS\System32\Wbem;C:\WINDOWS\System32\WindowsPowerShell\v1.0\;C:\WINDOWS\System32\OpenSSH\;C:\Program Files\java\jdk-17\bin;D:\GitHub\Git\cmd;C:\Users\User\AppData\Local\Programs\Python\Launcher\;C:\Users\User\AppData\Local\Microsoft\WindowsApps;C:\Users\User\AppData\Local\Programs\Microsoft VS Code\bin;C:\Users\User\AppData\Local\GitHubDesktop\bin;C:\Users\User\AppData\Local\Coursier\data\bin;."/><property name="java.vendor" value="Oracle Corporation"/><property name="scala.ext.dirs" value="C:\Users\User\.sbt\1.0\java9-rt-ext-oracle_corporation_17"/><property name="sun.io.unicode.encoding" value="UnicodeLittle"/><property name="java.class.path" value="C:\Users\User\AppData\Local\Coursier\cache\arc\https\github.com\sbt\sbt\releases\download\v1.9.9\sbt-1.9.9.zip\sbt\bin\sbt-launch.jar"/><property name="java.vm.vendor" value="Oracle Corporation"/><property name="user.variant" value=""/><property name="jline.shutdownhook" value="false"/><property name="user.timezone" value="Europe/Chisinau"/><property name="java.vm.specification.version" value="17"/><property name="os.name" value="Windows 10"/><property name="sun.java.launcher" value="SUN_STANDARD"/><property name="user.country" value="GB"/><property name="sun.cpu.endian" value="little"/><property name="user.home" value="C:\Users\User"/><property name="user.language" value="en"/><property name="sbt.ipcsocket.tmpdir" value="C:\Users\User\AppData\Local\Temp\.sbt922e57da\ipcsocket"/><property name="swoval.tmpdir" value="C:\Users\User\AppData\Local\Temp\.sbt922e57da\swoval"/><property name="jline.esc.timeout" value="0"/><property name="path.separator" value=";"/><property name="os.version" value="10.0"/><property name="jna.nosys" value="true"/><property name="java.runtime.name" value="OpenJDK Runtime Environment"/><property name="java.vm.name" value="OpenJDK 64-Bit Server VM"/><property name="java.vendor.url.bug" value="https://bugreport.java.com/bugreport/"/><property name="user.dir" value="D:\Universitate\PP\t1_v2"/><property name="os.arch" value="amd64"/><property name="java.vm.info" value="mixed mode, sharing"/><property name="java.vm.version" value="17+35-2724"/><property name="java.class.version" value="61.0"/>
    </properties>
          <testcase classname="TestRegression" name="1" time="0.237">
                      
                    </testcase><testcase classname="TestRegression" name="2" time="0.05">
                      
                    </testcase><testcase classname="TestRegression" name="3" time="0.018">
                      
                    </testcase><testcase classname="TestRegression" name="4" time="0.161">
                      
                    </testcase><testcase classname="TestRegression" name="5" time="0.066">
                      
                    </testcase><testcase classname="TestRegression" name="6" time="0.011">
                      
                    </testcase><testcase classname="TestRegression" name="7" time="0.015">
                      
                    </testcase><testcase classname="TestRegression" name="8" time="0.014">
                      
                    </testcase><testcase classname="TestRegression" name="9" time="0.116">
                      
                    </testcase><testcase classname="TestRegression" name="10" time="2.621">
                      
                    </testcase>
          <system-out><![CDATA[]]></system-out>
          <system-err><![CDATA[]]></system-err>
        </testsuite>